0 info it worked if it ends with ok
1 verbose cli [ '/Users/devil1991/.nvm/versions/node/v6.11.4/bin/node',
1 verbose cli   '/Users/devil1991/.nvm/versions/node/v6.11.4/bin/npm',
1 verbose cli   'run',
1 verbose cli   'test' ]
2 info using npm@3.10.10
3 info using node@v6.11.4
4 verbose run-script [ 'pretest', 'test', 'posttest' ]
5 info lifecycle vanilla-tilt@1.5.0~pretest: vanilla-tilt@1.5.0
6 silly lifecycle vanilla-tilt@1.5.0~pretest: no script for pretest, continuing
7 info lifecycle vanilla-tilt@1.5.0~test: vanilla-tilt@1.5.0
8 verbose lifecycle vanilla-tilt@1.5.0~test: unsafe-perm in lifecycle true
9 verbose lifecycle vanilla-tilt@1.5.0~test: PATH: /Users/devil1991/.nvm/versions/node/v6.11.4/lib/node_modules/npm/bin/node-gyp-bin:/Users/devil1991/Projects/vanilla-tilt.js/node_modules/.bin:/Users/devil1991/Projects/vanilla-tilt.js/node_modules/.bin:/Users/devil1991/.config/yarn/link/node_modules/.bin:/Users/devil1991/Projects/vanilla-tilt.js/node_modules/.bin:/Users/devil1991/.config/yarn/link/node_modules/.bin:/Users/devil1991/.nvm/versions/node/v6.11.4/lib/node_modules/npm/bin/node-gyp-bin:/Users/devil1991/.nvm/versions/node/v6.11.4/bin/node_modules/npm/bin/node-gyp-bin:[PATH_TO_FLUTTER_GIT_DIRECTORY]/flutter/bin:~/.nexustools:/usr/local/sbin:/usr/local/opt/qt@5.5/bin:/usr/local/opt/qt@5.5/bin:/Users/devil1991/.rbenv/shims:/Users/devil1991/.nvm/versions/node/v6.11.4/bin:/usr/local/bin:/usr/bin:/bin:/usr/sbin:/sbin
10 verbose lifecycle vanilla-tilt@1.5.0~test: CWD: /Users/devil1991/Projects/vanilla-tilt.js
11 silly lifecycle vanilla-tilt@1.5.0~test: Args: [ '-c', 'echo "Error: no test specified" && exit 1' ]
12 silly lifecycle vanilla-tilt@1.5.0~test: Returned: code: 1  signal: null
13 info lifecycle vanilla-tilt@1.5.0~test: Failed to exec test script
14 verbose stack Error: vanilla-tilt@1.5.0 test: `echo "Error: no test specified" && exit 1`
14 verbose stack Exit status 1
14 verbose stack     at EventEmitter.<anonymous> (/Users/devil1991/.nvm/versions/node/v6.11.4/lib/node_modules/npm/lib/utils/lifecycle.js:255:16)
14 verbose stack     at emitTwo (events.js:106:13)
14 verbose stack     at EventEmitter.emit (events.js:191:7)
14 verbose stack     at ChildProcess.<anonymous> (/Users/devil1991/.nvm/versions/node/v6.11.4/lib/node_modules/npm/lib/utils/spawn.js:40:14)
14 verbose stack     at emitTwo (events.js:106:13)
14 verbose stack     at ChildProcess.emit (events.js:191:7)
14 verbose stack     at maybeClose (internal/child_process.js:920:16)
14 verbose stack     at Process.ChildProcess._handle.onexit (internal/child_process.js:230:5)
15 verbose pkgid vanilla-tilt@1.5.0
16 verbose cwd /Users/devil1991/Projects/vanilla-tilt.js
17 error Darwin 17.4.0
18 error argv "/Users/devil1991/.nvm/versions/node/v6.11.4/bin/node" "/Users/devil1991/.nvm/versions/node/v6.11.4/bin/npm" "run" "test"
19 error node v6.11.4
20 error npm  v3.10.10
21 error code ELIFECYCLE
22 error vanilla-tilt@1.5.0 test: `echo "Error: no test specified" && exit 1`
22 error Exit status 1
23 error Failed at the vanilla-tilt@1.5.0 test script 'echo "Error: no test specified" && exit 1'.
23 error Make sure you have the latest version of node.js and npm installed.
23 error If you do, this is most likely a problem with the vanilla-tilt package,
23 error not with npm itself.
23 error Tell the author that this fails on your system:
23 error     echo "Error: no test specified" && exit 1
23 error You can get information on how to open an issue for this project with:
23 error     npm bugs vanilla-tilt
23 error Or if that isn't available, you can get their info via:
23 error     npm owner ls vanilla-tilt
23 error There is likely additional logging output above.
24 verbose exit [ 1, true ]
